{"/Users/jasonchristopherchandra/student-teacher-proj/src/controllers/student-controller.ts": {"path":"/Users/jasonchristopherchandra/student-teacher-proj/src/controllers/student-controller.ts","statementMap":{"0":{"start":{"line":8,"column":4},"end":{"line":8,"column":47}},"1":{"start":{"line":12,"column":4},"end":{"line":28,"column":5}},"2":{"start":{"line":13,"column":26},"end":{"line":13,"column":34}},"3":{"start":{"line":14,"column":31},"end":{"line":15,"column":null}},"4":{"start":{"line":17,"column":6},"end":{"line":23,"column":7}},"5":{"start":{"line":18,"column":8},"end":{"line":18,"column":74}},"6":{"start":{"line":20,"column":8},"end":{"line":22,"column":71}},"7":{"start":{"line":25,"column":6},"end":{"line":25,"column":29}},"8":{"start":{"line":27,"column":6},"end":{"line":27,"column":69}},"9":{"start":{"line":4,"column":0},"end":{"line":4,"column":13}}},"fnMap":{"0":{"name":"(anonymous_7)","decl":{"start":{"line":7,"column":2},"end":{"line":7,"column":14}},"loc":{"start":{"line":7,"column":50},"end":{"line":9,"column":3}}},"1":{"name":"(anonymous_8)","decl":{"start":{"line":11,"column":8},"end":{"line":11,"column":22}},"loc":{"start":{"line":11,"column":50},"end":{"line":29,"column":null}}}},"branchMap":{"0":{"loc":{"start":{"line":17,"column":6},"end":{"line":23,"column":7}},"type":"if","locations":[{"start":{"line":17,"column":6},"end":{"line":23,"column":7}},{"start":{"line":19,"column":13},"end":{"line":23,"column":7}}]}},"s":{"0":13,"1":3,"2":3,"3":3,"4":3,"5":2,"6":1,"7":2,"8":2,"9":2},"f":{"0":13,"1":3},"b":{"0":[2,1]}}
,"/Users/jasonchristopherchandra/student-teacher-proj/src/controllers/teacher-controller.ts": {"path":"/Users/jasonchristopherchandra/student-teacher-proj/src/controllers/teacher-controller.ts","statementMap":{"0":{"start":{"line":13,"column":4},"end":{"line":13,"column":47}},"1":{"start":{"line":14,"column":4},"end":{"line":14,"column":47}},"2":{"start":{"line":17,"column":4},"end":{"line":48,"column":5}},"3":{"start":{"line":19,"column":8},"end":{"line":19,"column":16}},"4":{"start":{"line":21,"column":26},"end":{"line":21,"column":75}},"5":{"start":{"line":22,"column":6},"end":{"line":24,"column":7}},"6":{"start":{"line":23,"column":8},"end":{"line":23,"column":76}},"7":{"start":{"line":26,"column":6},"end":{"line":43,"column":7}},"8":{"start":{"line":27,"column":28},"end":{"line":28,"column":null}},"9":{"start":{"line":31,"column":8},"end":{"line":42,"column":9}},"10":{"start":{"line":32,"column":10},"end":{"line":35,"column":12}},"11":{"start":{"line":37,"column":10},"end":{"line":37,"column":78}},"12":{"start":{"line":38,"column":10},"end":{"line":41,"column":12}},"13":{"start":{"line":45,"column":6},"end":{"line":45,"column":29}},"14":{"start":{"line":47,"column":6},"end":{"line":47,"column":71}},"15":{"start":{"line":52,"column":4},"end":{"line":67,"column":5}},"16":{"start":{"line":54,"column":8},"end":{"line":56,"column":43}},"17":{"start":{"line":58,"column":23},"end":{"line":59,"column":null}},"18":{"start":{"line":62,"column":6},"end":{"line":62,"column":71}},"19":{"start":{"line":62,"column":59},"end":{"line":62,"column":66}},"20":{"start":{"line":64,"column":6},"end":{"line":66,"column":68}},"21":{"start":{"line":71,"column":4},"end":{"line":106,"column":5}},"22":{"start":{"line":72,"column":40},"end":{"line":72,"column":48}},"23":{"start":{"line":74,"column":6},"end":{"line":78,"column":7}},"24":{"start":{"line":75,"column":8},"end":{"line":77,"column":65}},"25":{"start":{"line":82,"column":8},"end":{"line":84,"column":52}},"26":{"start":{"line":84,"column":31},"end":{"line":84,"column":45}},"27":{"start":{"line":87,"column":6},"end":{"line":91,"column":7}},"28":{"start":{"line":88,"column":8},"end":{"line":90,"column":64}},"29":{"start":{"line":94,"column":23},"end":{"line":96,"column":null}},"30":{"start":{"line":101,"column":6},"end":{"line":101,"column":73}},"31":{"start":{"line":101,"column":61},"end":{"line":101,"column":68}},"32":{"start":{"line":103,"column":6},"end":{"line":105,"column":71}},"33":{"start":{"line":5,"column":0},"end":{"line":5,"column":13}}},"fnMap":{"0":{"name":"(anonymous_7)","decl":{"start":{"line":9,"column":2},"end":{"line":9,"column":null}},"loc":{"start":{"line":11,"column":40},"end":{"line":15,"column":3}}},"1":{"name":"(anonymous_8)","decl":{"start":{"line":16,"column":8},"end":{"line":16,"column":24}},"loc":{"start":{"line":16,"column":52},"end":{"line":49,"column":null}}},"2":{"name":"(anonymous_10)","decl":{"start":{"line":51,"column":8},"end":{"line":51,"column":25}},"loc":{"start":{"line":51,"column":53},"end":{"line":68,"column":null}}},"3":{"name":"(anonymous_12)","decl":{"start":{"line":62,"column":52},"end":{"line":62,"column":53}},"loc":{"start":{"line":62,"column":59},"end":{"line":62,"column":66}}},"4":{"name":"(anonymous_13)","decl":{"start":{"line":70,"column":8},"end":{"line":70,"column":32}},"loc":{"start":{"line":70,"column":60},"end":{"line":107,"column":null}}},"5":{"name":"(anonymous_15)","decl":{"start":{"line":84,"column":16},"end":{"line":84,"column":17}},"loc":{"start":{"line":84,"column":31},"end":{"line":84,"column":45}}},"6":{"name":"(anonymous_16)","decl":{"start":{"line":101,"column":54},"end":{"line":101,"column":55}},"loc":{"start":{"line":101,"column":61},"end":{"line":101,"column":68}}}},"branchMap":{"0":{"loc":{"start":{"line":22,"column":6},"end":{"line":24,"column":7}},"type":"if","locations":[{"start":{"line":22,"column":6},"end":{"line":24,"column":7}}]},"1":{"loc":{"start":{"line":31,"column":8},"end":{"line":42,"column":9}},"type":"if","locations":[{"start":{"line":31,"column":8},"end":{"line":42,"column":9}},{"start":{"line":36,"column":15},"end":{"line":42,"column":9}}]},"2":{"loc":{"start":{"line":54,"column":8},"end":{"line":56,"column":43}},"type":"cond-expr","locations":[{"start":{"line":55,"column":12},"end":{"line":55,"column":31}},{"start":{"line":56,"column":13},"end":{"line":56,"column":43}}]},"3":{"loc":{"start":{"line":74,"column":6},"end":{"line":78,"column":7}},"type":"if","locations":[{"start":{"line":74,"column":6},"end":{"line":78,"column":7}}]},"4":{"loc":{"start":{"line":82,"column":8},"end":{"line":84,"column":52}},"type":"binary-expr","locations":[{"start":{"line":82,"column":8},"end":{"line":84,"column":46}},{"start":{"line":84,"column":50},"end":{"line":84,"column":52}}]},"5":{"loc":{"start":{"line":82,"column":8},"end":{"line":84,"column":46}},"type":"cond-expr","locations":[{"start":{"line":83,"column":53},"end":{"line":83,"column":null}},{"start":{"line":83,"column":53},"end":{"line":84,"column":46}}]},"6":{"loc":{"start":{"line":82,"column":8},"end":{"line":83,"column":null}},"type":"binary-expr","locations":[{"start":{"line":82,"column":8},"end":{"line":83,"column":null}},{"start":{"line":83,"column":53},"end":{"line":83,"column":null}}]},"7":{"loc":{"start":{"line":87,"column":6},"end":{"line":91,"column":7}},"type":"if","locations":[{"start":{"line":87,"column":6},"end":{"line":91,"column":7}}]}},"s":{"0":10,"1":10,"2":3,"3":3,"4":3,"5":2,"6":1,"7":2,"8":4,"9":4,"10":2,"11":2,"12":2,"13":2,"14":1,"15":3,"16":3,"17":3,"18":2,"19":4,"20":1,"21":4,"22":4,"23":4,"24":1,"25":3,"26":3,"27":3,"28":1,"29":2,"30":1,"31":2,"32":1,"33":1},"f":{"0":10,"1":3,"2":3,"3":4,"4":4,"5":3,"6":2},"b":{"0":[1],"1":[2,2],"2":[1,2],"3":[1],"4":[3,1],"5":[1,2],"6":[3,2],"7":[1]}}
,"/Users/jasonchristopherchandra/student-teacher-proj/src/entities/student.ts": {"path":"/Users/jasonchristopherchandra/student-teacher-proj/src/entities/student.ts","statementMap":{"0":{"start":{"line":1,"column":0},"end":{"line":1,"column":77}},"1":{"start":{"line":2,"column":0},"end":{"line":2,"column":36}},"2":{"start":{"line":5,"column":7},"end":{"line":17,"column":null}},"3":{"start":{"line":5,"column":13},"end":{"line":5,"column":20}},"4":{"start":{"line":7,"column":2},"end":{"line":7,"column":null}},"5":{"start":{"line":10,"column":2},"end":{"line":10,"column":null}},"6":{"start":{"line":13,"column":2},"end":{"line":13,"column":null}},"7":{"start":{"line":16,"column":2},"end":{"line":16,"column":null}},"8":{"start":{"line":15,"column":20},"end":{"line":15,"column":27}},"9":{"start":{"line":15,"column":42},"end":{"line":15,"column":58}},"10":{"start":{"line":5,"column":13},"end":{"line":17,"column":null}}},"fnMap":{"0":{"name":"(anonymous_2)","decl":{"start":{"line":15,"column":14},"end":{"line":15,"column":17}},"loc":{"start":{"line":15,"column":20},"end":{"line":15,"column":27}}},"1":{"name":"(anonymous_3)","decl":{"start":{"line":15,"column":29},"end":{"line":15,"column":30}},"loc":{"start":{"line":15,"column":42},"end":{"line":15,"column":58}}}},"branchMap":{},"s":{"0":5,"1":5,"2":5,"3":5,"4":5,"5":5,"6":5,"7":5,"8":2,"9":2,"10":5},"f":{"0":2,"1":2},"b":{}}
,"/Users/jasonchristopherchandra/student-teacher-proj/src/entities/teacher.ts": {"path":"/Users/jasonchristopherchandra/student-teacher-proj/src/entities/teacher.ts","statementMap":{"0":{"start":{"line":1,"column":0},"end":{"line":1,"column":null}},"1":{"start":{"line":8,"column":0},"end":{"line":8,"column":36}},"2":{"start":{"line":11,"column":7},"end":{"line":21,"column":null}},"3":{"start":{"line":11,"column":13},"end":{"line":11,"column":20}},"4":{"start":{"line":13,"column":2},"end":{"line":13,"column":null}},"5":{"start":{"line":16,"column":2},"end":{"line":16,"column":null}},"6":{"start":{"line":20,"column":2},"end":{"line":20,"column":null}},"7":{"start":{"line":18,"column":20},"end":{"line":18,"column":27}},"8":{"start":{"line":18,"column":42},"end":{"line":18,"column":58}},"9":{"start":{"line":11,"column":13},"end":{"line":21,"column":null}}},"fnMap":{"0":{"name":"(anonymous_2)","decl":{"start":{"line":18,"column":14},"end":{"line":18,"column":17}},"loc":{"start":{"line":18,"column":20},"end":{"line":18,"column":27}}},"1":{"name":"(anonymous_3)","decl":{"start":{"line":18,"column":29},"end":{"line":18,"column":30}},"loc":{"start":{"line":18,"column":42},"end":{"line":18,"column":58}}}},"branchMap":{},"s":{"0":5,"1":5,"2":5,"3":5,"4":5,"5":5,"6":5,"7":2,"8":2,"9":5},"f":{"0":2,"1":2},"b":{}}
,"/Users/jasonchristopherchandra/student-teacher-proj/src/repositories/student-repository.ts": {"path":"/Users/jasonchristopherchandra/student-teacher-proj/src/repositories/student-repository.ts","statementMap":{"0":{"start":{"line":1,"column":0},"end":{"line":1,"column":46}},"1":{"start":{"line":2,"column":0},"end":{"line":2,"column":59}},"2":{"start":{"line":8,"column":4},"end":{"line":8,"column":50}},"3":{"start":{"line":12,"column":4},"end":{"line":12,"column":42}},"4":{"start":{"line":16,"column":20},"end":{"line":16,"column":57}},"5":{"start":{"line":17,"column":4},"end":{"line":17,"column":35}},"6":{"start":{"line":21,"column":4},"end":{"line":21,"column":56}},"7":{"start":{"line":25,"column":4},"end":{"line":34,"column":17}},"8":{"start":{"line":38,"column":4},"end":{"line":49,"column":17}},"9":{"start":{"line":44,"column":10},"end":{"line":44,"column":60}},"10":{"start":{"line":4,"column":0},"end":{"line":4,"column":13}}},"fnMap":{"0":{"name":"(anonymous_7)","decl":{"start":{"line":7,"column":2},"end":{"line":7,"column":14}},"loc":{"start":{"line":7,"column":36},"end":{"line":9,"column":3}}},"1":{"name":"(anonymous_8)","decl":{"start":{"line":11,"column":8},"end":{"line":11,"column":19}},"loc":{"start":{"line":11,"column":33},"end":{"line":13,"column":null}}},"2":{"name":"(anonymous_10)","decl":{"start":{"line":15,"column":8},"end":{"line":15,"column":21}},"loc":{"start":{"line":15,"column":52},"end":{"line":18,"column":null}}},"3":{"name":"(anonymous_12)","decl":{"start":{"line":20,"column":8},"end":{"line":20,"column":29}},"loc":{"start":{"line":20,"column":65},"end":{"line":22,"column":null}}},"4":{"name":"(anonymous_14)","decl":{"start":{"line":24,"column":8},"end":{"line":24,"column":26}},"loc":{"start":{"line":24,"column":45},"end":{"line":35,"column":null}}},"5":{"name":"(anonymous_16)","decl":{"start":{"line":37,"column":8},"end":{"line":37,"column":28}},"loc":{"start":{"line":37,"column":71},"end":{"line":50,"column":null}}},"6":{"name":"(anonymous_18)","decl":{"start":{"line":43,"column":21},"end":{"line":43,"column":22}},"loc":{"start":{"line":43,"column":28},"end":{"line":45,"column":9}}}},"branchMap":{},"s":{"0":3,"1":3,"2":1,"3":4,"4":2,"5":2,"6":2,"7":1,"8":1,"9":1,"10":3},"f":{"0":1,"1":4,"2":2,"3":2,"4":1,"5":1,"6":1},"b":{}}
,"/Users/jasonchristopherchandra/student-teacher-proj/src/repositories/teacher-repository.ts": {"path":"/Users/jasonchristopherchandra/student-teacher-proj/src/repositories/teacher-repository.ts","statementMap":{"0":{"start":{"line":2,"column":0},"end":{"line":2,"column":46}},"1":{"start":{"line":8,"column":4},"end":{"line":8,"column":50}},"2":{"start":{"line":12,"column":4},"end":{"line":12,"column":42}},"3":{"start":{"line":16,"column":20},"end":{"line":16,"column":47}},"4":{"start":{"line":17,"column":4},"end":{"line":17,"column":35}},"5":{"start":{"line":4,"column":0},"end":{"line":4,"column":13}}},"fnMap":{"0":{"name":"(anonymous_7)","decl":{"start":{"line":7,"column":2},"end":{"line":7,"column":14}},"loc":{"start":{"line":7,"column":36},"end":{"line":9,"column":3}}},"1":{"name":"(anonymous_8)","decl":{"start":{"line":11,"column":8},"end":{"line":11,"column":19}},"loc":{"start":{"line":11,"column":33},"end":{"line":13,"column":null}}},"2":{"name":"(anonymous_10)","decl":{"start":{"line":15,"column":8},"end":{"line":15,"column":21}},"loc":{"start":{"line":15,"column":35},"end":{"line":18,"column":null}}}},"branchMap":{},"s":{"0":2,"1":1,"2":6,"3":2,"4":2,"5":2},"f":{"0":1,"1":6,"2":2},"b":{}}
}
