TN:
SF:src/controllers/student-controller.ts
FN:7,(anonymous_7)
FN:11,(anonymous_8)
FNF:2
FNH:2
FNDA:13,(anonymous_7)
FNDA:3,(anonymous_8)
DA:4,2
DA:8,13
DA:12,3
DA:13,3
DA:14,3
DA:17,3
DA:18,2
DA:20,1
DA:25,2
DA:27,2
LF:10
LH:10
BRDA:17,0,0,2
BRDA:17,0,1,1
BRF:2
BRH:2
end_of_record
TN:
SF:src/controllers/teacher-controller.ts
FN:9,(anonymous_7)
FN:16,(anonymous_8)
FN:51,(anonymous_10)
FN:62,(anonymous_12)
FN:70,(anonymous_13)
FN:84,(anonymous_15)
FN:101,(anonymous_16)
FNF:7
FNH:7
FNDA:10,(anonymous_7)
FNDA:3,(anonymous_8)
FNDA:3,(anonymous_10)
FNDA:4,(anonymous_12)
FNDA:4,(anonymous_13)
FNDA:3,(anonymous_15)
FNDA:2,(anonymous_16)
DA:5,1
DA:13,10
DA:14,10
DA:17,3
DA:19,3
DA:21,3
DA:22,2
DA:23,1
DA:26,2
DA:27,4
DA:31,4
DA:32,2
DA:37,2
DA:38,2
DA:45,2
DA:47,1
DA:52,3
DA:54,3
DA:58,3
DA:62,4
DA:64,1
DA:71,4
DA:72,4
DA:74,4
DA:75,1
DA:82,3
DA:84,3
DA:87,3
DA:88,1
DA:94,2
DA:101,2
DA:103,1
LF:32
LH:32
BRDA:22,0,0,1
BRDA:31,1,0,2
BRDA:31,1,1,2
BRDA:54,2,0,1
BRDA:54,2,1,2
BRDA:74,3,0,1
BRDA:82,4,0,3
BRDA:82,4,1,1
BRDA:82,5,0,1
BRDA:82,5,1,2
BRDA:82,6,0,3
BRDA:82,6,1,2
BRDA:87,7,0,1
BRF:13
BRH:13
end_of_record
TN:
SF:src/entities/student.ts
FN:15,(anonymous_2)
FN:15,(anonymous_3)
FNF:2
FNH:2
FNDA:2,(anonymous_2)
FNDA:2,(anonymous_3)
DA:1,5
DA:2,5
DA:5,5
DA:7,5
DA:10,5
DA:13,5
DA:15,2
DA:16,5
LF:8
LH:8
BRF:0
BRH:0
end_of_record
TN:
SF:src/entities/teacher.ts
FN:18,(anonymous_2)
FN:18,(anonymous_3)
FNF:2
FNH:2
FNDA:2,(anonymous_2)
FNDA:2,(anonymous_3)
DA:1,5
DA:8,5
DA:11,5
DA:13,5
DA:16,5
DA:18,2
DA:20,5
LF:7
LH:7
BRF:0
BRH:0
end_of_record
TN:
SF:src/repositories/student-repository.ts
FN:7,(anonymous_7)
FN:11,(anonymous_8)
FN:15,(anonymous_10)
FN:20,(anonymous_12)
FN:24,(anonymous_14)
FN:37,(anonymous_16)
FN:43,(anonymous_18)
FNF:7
FNH:7
FNDA:1,(anonymous_7)
FNDA:4,(anonymous_8)
FNDA:2,(anonymous_10)
FNDA:2,(anonymous_12)
FNDA:1,(anonymous_14)
FNDA:1,(anonymous_16)
FNDA:1,(anonymous_18)
DA:1,3
DA:2,3
DA:4,3
DA:8,1
DA:12,4
DA:16,2
DA:17,2
DA:21,2
DA:25,1
DA:38,1
DA:44,1
LF:11
LH:11
BRF:0
BRH:0
end_of_record
TN:
SF:src/repositories/teacher-repository.ts
FN:7,(anonymous_7)
FN:11,(anonymous_8)
FN:15,(anonymous_10)
FNF:3
FNH:3
FNDA:1,(anonymous_7)
FNDA:6,(anonymous_8)
FNDA:2,(anonymous_10)
DA:2,2
DA:4,2
DA:8,1
DA:12,6
DA:16,2
DA:17,2
LF:6
LH:6
BRF:0
BRH:0
end_of_record
